# JRE version: OpenJDK Runtime Environment Zulu17.30+15-CA (17.0.1+12) (build 17.0.1+12-LTS)
# Java VM: OpenJDK 64-Bit Server VM Zulu17.30+15-CA (17.0.1+12-LTS, mixed mode, emulated-client, sharing, tiered, compressed oops, compressed class ptrs, g1 gc, windows-amd64)
GC Precious Log:
 CPUs: 4 total, 4 available
 Memory: 8065M
 Large Page Support: Disabled
 NUMA Support: Disabled
 Compressed Oops: Enabled (32-bit)
 Heap Region Size: 1M
 Heap Min Capacity: 8M
 Heap Initial Capacity: 128M
 Heap Max Capacity: 2018M
 Pre-touch: Disabled
 Parallel Workers: 4
 Concurrent Workers: 1
 Concurrent Refinement Workers: 4
 Periodic GC: Disabled
Heap:
 garbage-first heap   total 65536K, used 33184K [0x0000000081e00000, 0x0000000100000000)
  region size 1024K, 15 young (15360K), 3 survivors (3072K)
 Metaspace       used 50385K, committed 50688K, reserved 1097728K
  class space    used 7214K, committed 7360K, reserved 1048576K
GC Heap History (20 events):
Event: 4.798 GC heap before
{Heap before GC invocations=3 (full 0):
 garbage-first heap   total 131072K, used 82716K [0x0000000081e00000, 0x0000000100000000)
  region size 1024K, 76 young (77824K), 3 survivors (3072K)
 Metaspace       used 18006K, committed 18304K, reserved 1064960K
  class space    used 2403K, committed 2560K, reserved 1048576K
}
Event: 4.810 GC heap after
{Heap after GC invocations=4 (full 0):
 garbage-first heap   total 131072K, used 11553K [0x0000000081e00000, 0x0000000100000000)
  region size 1024K, 6 young (6144K), 6 survivors (6144K)
 Metaspace       used 18006K, committed 18304K, reserved 1064960K
  class space    used 2403K, committed 2560K, reserved 1048576K
}
Event: 6.184 GC heap before
{Heap before GC invocations=4 (full 0):
 garbage-first heap   total 131072K, used 38177K [0x0000000081e00000, 0x0000000100000000)
  region size 1024K, 33 young (33792K), 6 survivors (6144K)
 Metaspace       used 21157K, committed 21504K, reserved 1073152K
  class space    used 2899K, committed 3072K, reserved 1048576K
}
Event: 6.197 GC heap after
{Heap after GC invocations=5 (full 0):
 garbage-first heap   total 131072K, used 13003K [0x0000000081e00000, 0x0000000100000000)
  region size 1024K, 7 young (7168K), 7 survivors (7168K)
 Metaspace       used 21157K, committed 21504K, reserved 1073152K
  class space    used 2899K, committed 3072K, reserved 1048576K
}
Event: 7.485 GC heap before
{Heap before GC invocations=6 (full 0):
 garbage-first heap   total 51200K, used 37579K [0x0000000081e00000, 0x0000000100000000)
  region size 1024K, 32 young (32768K), 7 survivors (7168K)
 Metaspace       used 25571K, committed 25984K, reserved 1073152K
  class space    used 3536K, committed 3712K, reserved 1048576K
}
Event: 7.514 GC heap after
{Heap after GC invocations=7 (full 0):
 garbage-first heap   total 51200K, used 15407K [0x0000000081e00000, 0x0000000100000000)
  region size 1024K, 7 young (7168K), 7 survivors (7168K)
 Metaspace       used 25571K, committed 25984K, reserved 1073152K
  class space    used 3536K, committed 3712K, reserved 1048576K
}
Event: 7.543 GC heap before
{Heap before GC invocations=7 (full 0):
 garbage-first heap   total 51200K, used 16431K [0x0000000081e00000, 0x0000000100000000)
  region size 1024K, 8 young (8192K), 7 survivors (7168K)
 Metaspace       used 25668K, committed 25984K, reserved 1073152K
  class space    used 3547K, committed 3712K, reserved 1048576K
}
Event: 7.561 GC heap after
{Heap after GC invocations=8 (full 0):
 garbage-first heap   total 51200K, used 16210K [0x0000000081e00000, 0x0000000100000000)
  region size 1024K, 1 young (1024K), 1 survivors (1024K)
 Metaspace       used 25668K, committed 25984K, reserved 1073152K
  class space    used 3547K, committed 3712K, reserved 1048576K
}
Event: 7.578 GC heap before
{Heap before GC invocations=8 (full 0):
 garbage-first heap   total 51200K, used 35666K [0x0000000081e00000, 0x0000000100000000)
  region size 1024K, 21 young (21504K), 1 survivors (1024K)
 Metaspace       used 25668K, committed 25984K, reserved 1073152K
  class space    used 3547K, committed 3712K, reserved 1048576K
}
Event: 7.580 GC heap after
{Heap after GC invocations=9 (full 0):
 garbage-first heap   total 51200K, used 15677K [0x0000000081e00000, 0x0000000100000000)
  region size 1024K, 1 young (1024K), 1 survivors (1024K)
 Metaspace       used 25668K, committed 25984K, reserved 1073152K
  class space    used 3547K, committed 3712K, reserved 1048576K
}
Event: 7.755 GC heap before
{Heap before GC invocations=9 (full 0):
 garbage-first heap   total 51200K, used 37181K [0x0000000081e00000, 0x0000000100000000)
  region size 1024K, 23 young (23552K), 1 survivors (1024K)
 Metaspace       used 25941K, committed 26304K, reserved 1073152K
  class space    used 3576K, committed 3712K, reserved 1048576K
}
Event: 7.759 GC heap after
{Heap after GC invocations=10 (full 0):
 garbage-first heap   total 102400K, used 15348K [0x0000000081e00000, 0x0000000100000000)
  region size 1024K, 1 young (1024K), 1 survivors (1024K)
 Metaspace       used 25941K, committed 26304K, reserved 1073152K
  class space    used 3576K, committed 3712K, reserved 1048576K
}
Event: 9.919 GC heap before
{Heap before GC invocations=10 (full 0):
 garbage-first heap   total 102400K, used 55284K [0x0000000081e00000, 0x0000000100000000)
  region size 1024K, 41 young (41984K), 1 survivors (1024K)
 Metaspace       used 35684K, committed 36096K, reserved 1081344K
  class space    used 4962K, committed 5184K, reserved 1048576K
}
Event: 9.926 GC heap after
{Heap after GC invocations=11 (full 0):
 garbage-first heap   total 102400K, used 17987K [0x0000000081e00000, 0x0000000100000000)
  region size 1024K, 3 young (3072K), 3 survivors (3072K)
 Metaspace       used 35684K, committed 36096K, reserved 1081344K
  class space    used 4962K, committed 5184K, reserved 1048576K
}
Event: 13.679 GC heap before
{Heap before GC invocations=12 (full 0):
 garbage-first heap   total 65536K, used 53827K [0x0000000081e00000, 0x0000000100000000)
  region size 1024K, 38 young (38912K), 3 survivors (3072K)
 Metaspace       used 45274K, committed 45632K, reserved 1089536K
  class space    used 6477K, committed 6656K, reserved 1048576K
}
Event: 13.690 GC heap after
{Heap after GC invocations=13 (full 0):
 garbage-first heap   total 65536K, used 19720K [0x0000000081e00000, 0x0000000100000000)
  region size 1024K, 2 young (2048K), 2 survivors (2048K)
 Metaspace       used 45274K, committed 45632K, reserved 1089536K
  class space    used 6477K, committed 6656K, reserved 1048576K
}
Event: 13.820 GC heap before
{Heap before GC invocations=13 (full 0):
 garbage-first heap   total 65536K, used 19720K [0x0000000081e00000, 0x0000000100000000)
  region size 1024K, 3 young (3072K), 2 survivors (2048K)
 Metaspace       used 45481K, committed 45824K, reserved 1089536K
  class space    used 6497K, committed 6656K, reserved 1048576K
}
Event: 13.825 GC heap after
{Heap after GC invocations=14 (full 0):
 garbage-first heap   total 65536K, used 19870K [0x0000000081e00000, 0x0000000100000000)
  region size 1024K, 1 young (1024K), 1 survivors (1024K)
 Metaspace       used 45481K, committed 45824K, reserved 1089536K
  class space    used 6497K, committed 6656K, reserved 1048576K
}
Event: 15.707 GC heap before
{Heap before GC invocations=14 (full 0):
 garbage-first heap   total 65536K, used 50590K [0x0000000081e00000, 0x0000000100000000)
  region size 1024K, 31 young (31744K), 1 survivors (1024K)
 Metaspace       used 49287K, committed 49664K, reserved 1097728K
  class space    used 7036K, committed 7232K, reserved 1048576K
}
Event: 15.714 GC heap after
{Heap after GC invocations=15 (full 0):
 garbage-first heap   total 65536K, used 21920K [0x0000000081e00000, 0x0000000100000000)
  region size 1024K, 3 young (3072K), 3 survivors (3072K)
 Metaspace       used 49287K, committed 49664K, reserved 1097728K
  class space    used 7036K, committed 7232K, reserved 1048576K
}

